<?xml version="1.0" encoding="UTF-8"?>
<!-- Generated by org.testng.reporters.JUnitXMLReporter -->
<testsuite ignored="0" hostname="DESKTOP-LVMHETU" failures="0" tests="1" name="Test-Runner-chrome" time="14.681" errors="0" timestamp="2023-03-08T13:17:16 IST">
  <testcase classname="vtiger.Organization.CreateOrganization" name="CreateOrganizationTest" time="8.278"/>
</testsuite> <!-- Test-Runner-chrome -->
