<?xml version="1.0" encoding="UTF-8"?>
<!-- Generated by org.testng.reporters.JUnitXMLReporter -->
<testsuite ignored="0" hostname="DESKTOP-LVMHETU" failures="0" tests="1" name="Test-Runner1" time="22.995" errors="0" timestamp="2023-03-08T12:42:19 IST">
  <testcase classname="vtiger.ContactsTest.ContactWithOrganization" name="ContactWithOrganizationTest" time="16.117"/>
</testsuite> <!-- Test-Runner1 -->
