<?xml version="1.0" encoding="UTF-8"?>
<!-- Generated by org.testng.reporters.JUnitXMLReporter -->
<testsuite ignored="0" hostname="DESKTOP-LVMHETU" failures="0" tests="3" name="Test-Runner2" time="24.848" errors="0" timestamp="2023-03-08T12:42:20 IST">
  <testcase classname="vtiger.Organization.CreateOrganization" name="CreateOrganizationTest" time="8.483"/>
  <testcase classname="vtiger.Organization.CreateOrganization" name="demo" time="0.006"/>
  <testcase classname="vtiger.Organization.CreateOrganization" name="regional" time="0.0"/>
</testsuite> <!-- Test-Runner2 -->
