<?xml version="1.0" encoding="UTF-8"?>
<!-- Generated by org.testng.reporters.JUnitReportReporter -->
<testsuite hostname="DESKTOP-LVMHETU" failures="0" tests="1" name="practice.ReadDataFromeCMDLine" time="0.014" errors="0" timestamp="2023-07-21T12:05:26 IST" skipped="0">
  <testcase classname="practice.ReadDataFromeCMDLine" name="readData" time="0.014"/>
  <system-out/>
</testsuite> <!-- practice.ReadDataFromeCMDLine -->
