<?xml version="1.0" encoding="UTF-8"?>
<!-- Generated by org.testng.reporters.JUnitReportReporter -->
<testsuite hostname="DESKTOP-LVMHETU" failures="0" tests="1" name="practice.AAA" time="17.266" errors="0" timestamp="2023-03-13T11:35:51 IST" skipped="0">
  <testcase classname="practice.AAA" name="sample" time="17.266"/>
  <system-out/>
</testsuite> <!-- practice.AAA -->
