<?xml version="1.0" encoding="UTF-8"?>
<!-- Generated by org.testng.reporters.JUnitReportReporter -->
<testsuite hostname="DESKTOP-LVMHETU" failures="0" tests="3" name="practice.DataProviderpractice2" time="0.008" errors="0" timestamp="2023-03-11T13:24:53 IST" skipped="0">
  <testcase classname="practice.DataProviderpractice2" name="dataproviderpractice2" time="0.006"/>
  <system-out/>
  <testcase classname="practice.DataProviderpractice2" name="dataproviderpractice2" time="0.001"/>
  <system-out/>
  <testcase classname="practice.DataProviderpractice2" name="dataproviderpractice2" time="0.001"/>
  <system-out/>
</testsuite> <!-- practice.DataProviderpractice2 -->
