<?xml version="1.0" encoding="UTF-8"?>
<!-- Generated by org.testng.reporters.JUnitReportReporter -->
<testsuite hostname="DESKTOP-LVMHETU" failures="0" tests="1" name="practice.CreateMultipleOrgwithIndustryTest" time="0.000" errors="0" timestamp="2023-03-13T11:56:01 IST" skipped="1">
  <testcase classname="practice.CreateMultipleOrgwithIndustryTest" name="createMultipleOrgTest" time="0.000">
    <skipped/>
  </testcase> <!-- createMultipleOrgTest -->
  <system-out/>
</testsuite> <!-- practice.CreateMultipleOrgwithIndustryTest -->
