<?xml version="1.0" encoding="UTF-8"?>
<!-- Generated by org.testng.reporters.JUnitReportReporter -->
<testsuite hostname="DESKTOP-LVMHETU" failures="0" tests="3" name="practice.TestNgEnabled" time="0.003" errors="0" timestamp="2023-03-20T14:29:02 IST" skipped="1">
  <testcase classname="practice.TestNgEnabled" name="deleteuser" time="0.002"/>
  <system-out/>
  <testcase classname="practice.TestNgEnabled" name="updateuser" time="0.001"/>
  <system-out/>
  <testcase classname="practice.TestNgEnabled" name="createuser">
    <skipped/>
  </testcase> <!-- createuser -->
  <system-out/>
</testsuite> <!-- practice.TestNgEnabled -->
