<?xml version="1.0" encoding="UTF-8"?>
<!-- Generated by org.testng.reporters.JUnitReportReporter -->
<testsuite hostname="DESKTOP-LVMHETU" failures="0" tests="1" name="vtiger.ContactsTest.ContactWithOrg2Test" time="24.224" errors="0" timestamp="2023-03-20T14:29:02 IST" skipped="0">
  <testcase classname="vtiger.ContactsTest.ContactWithOrg2Test" name="contactWithOrg2Test" time="24.224"/>
  <system-out/>
</testsuite> <!-- vtiger.ContactsTest.ContactWithOrg2Test -->
