<?xml version="1.0" encoding="UTF-8"?>
<!-- Generated by org.testng.reporters.JUnitReportReporter -->
<testsuite hostname="DESKTOP-LVMHETU" failures="0" tests="1" name="practice.ReadDataFromeCMDLine" time="0.012" errors="0" timestamp="2023-03-20T12:50:11 IST" skipped="0">
  <testcase classname="practice.ReadDataFromeCMDLine" name="readData" time="0.012"/>
  <system-out/>
</testsuite> <!-- practice.ReadDataFromeCMDLine -->
