<?xml version="1.0" encoding="UTF-8"?>
<!-- Generated by org.testng.reporters.JUnitReportReporter -->
<testsuite hostname="DESKTOP-LVMHETU" failures="0" tests="3" name="practice.TestNgPInvocationcount" time="0.003" errors="0" timestamp="2023-03-20T14:29:02 IST" skipped="0">
  <testcase classname="practice.TestNgPInvocationcount" name="update" time="0.001"/>
  <system-out/>
  <testcase classname="practice.TestNgPInvocationcount" name="deleteuser" time="0.001"/>
  <system-out/>
  <testcase classname="practice.TestNgPInvocationcount" name="update" time="0.001"/>
  <system-out/>
</testsuite> <!-- practice.TestNgPInvocationcount -->
