<?xml version="1.0" encoding="UTF-8"?>
<!-- Generated by org.testng.reporters.JUnitReportReporter -->
<testsuite hostname="DESKTOP-LVMHETU" failures="0" tests="1" name="vtiger.ContactsTest.CreateContacts" time="53.736" errors="0" timestamp="2023-03-11T14:31:53 IST" skipped="0">
  <testcase classname="vtiger.ContactsTest.CreateContacts" name="CreateContactsTest" time="53.736"/>
  <system-out/>
</testsuite> <!-- vtiger.ContactsTest.CreateContacts -->
