<?xml version="1.0" encoding="UTF-8"?>
<!-- Generated by org.testng.reporters.JUnitReportReporter -->
<testsuite hostname="DESKTOP-LVMHETU" failures="0" tests="1" name="vtiger.ContactsTest.ContactWithOrg2" time="41.495" errors="0" timestamp="2023-03-20T14:02:38 IST" skipped="0">
  <testcase classname="vtiger.ContactsTest.ContactWithOrg2" name="ContactWithOrg2Test" time="41.495"/>
  <system-out/>
</testsuite> <!-- vtiger.ContactsTest.ContactWithOrg2 -->
