<?xml version="1.0" encoding="UTF-8"?>
<!-- Generated by org.testng.reporters.JUnitReportReporter -->
<testsuite hostname="DESKTOP-LVMHETU" failures="0" tests="1" name="vtiger.ContactsTest.CreateContactsTest" time="16.969" errors="0" timestamp="2023-03-20T14:29:02 IST" skipped="0">
  <testcase classname="vtiger.ContactsTest.CreateContactsTest" name="createContactsTest" time="16.969"/>
  <system-out/>
</testsuite> <!-- vtiger.ContactsTest.CreateContactsTest -->
