<?xml version="1.0" encoding="UTF-8"?>
<!-- Generated by org.testng.reporters.JUnitReportReporter -->
<testsuite hostname="DESKTOP-LVMHETU" failures="0" tests="1" name="vtiger.ContactsTest.ContactWithOrganization" time="15.884" errors="0" timestamp="2023-03-14T12:43:58 IST" skipped="0">
  <testcase classname="vtiger.ContactsTest.ContactWithOrganization" name="ContactWithOrganizationTest" time="15.884"/>
  <system-out>
    <![CDATA[click on Organization Link successfull
click on Create Organization Img successfull
Organization created successfull
navigate to contacts link successfull
click on Contacts Lookup Img successfull
create contact successfull]]>
  </system-out>
</testsuite> <!-- vtiger.ContactsTest.ContactWithOrganization -->
