<?xml version="1.0" encoding="UTF-8"?>
<!-- Generated by org.testng.reporters.JUnitReportReporter -->
<testsuite hostname="DESKTOP-LVMHETU" failures="0" tests="1" name="practice.Calendar_practice_prog" time="9.731" errors="0" timestamp="2023-04-06T17:06:32 IST" skipped="0">
  <testcase classname="practice.Calendar_practice_prog" name="calendar" time="9.731"/>
  <system-out/>
</testsuite> <!-- practice.Calendar_practice_prog -->
