<?xml version="1.0" encoding="UTF-8"?>
<!-- Generated by org.testng.reporters.JUnitReportReporter -->
<testsuite hostname="DESKTOP-LVMHETU" failures="0" tests="3" name="practice.DataProviderPractice" time="0.006" errors="0" timestamp="2023-03-11T13:08:15 IST" skipped="0">
  <testcase classname="practice.DataProviderPractice" name="dataproviderpractice" time="0.001"/>
  <system-out/>
  <testcase classname="practice.DataProviderPractice" name="dataproviderpractice" time="0.000"/>
  <system-out/>
  <testcase classname="practice.DataProviderPractice" name="dataproviderpractice" time="0.005"/>
  <system-out/>
</testsuite> <!-- practice.DataProviderPractice -->
