<?xml version="1.0" encoding="UTF-8"?>
<!-- Generated by org.testng.reporters.JUnitReportReporter -->
<testsuite hostname="DESKTOP-LVMHETU" failures="0" tests="1" name="vtiger.ProductTests.CreateProduct" time="10.573" errors="0" timestamp="2023-03-14T12:40:54 IST" skipped="0">
  <testcase classname="vtiger.ProductTests.CreateProduct" name="CreateProductTest" time="10.573"/>
  <system-out>
    <![CDATA[click on Product Link successfull
click on Product Lookup Img successfull
Product created successfull]]>
  </system-out>
</testsuite> <!-- vtiger.ProductTests.CreateProduct -->
