<?xml version="1.0" encoding="UTF-8"?>
<!-- Generated by org.testng.reporters.JUnitReportReporter -->
<testsuite hostname="DESKTOP-LVMHETU" failures="0" tests="1" name="vtiger.Organization.CreateOrganization" time="26.393" errors="0" timestamp="2023-03-14T12:34:16 IST" skipped="0">
  <testcase classname="vtiger.Organization.CreateOrganization" name="CreateOrganizationTest" time="26.393"/>
  <system-out>
    <![CDATA[click on Organization Link successfull
click on Create Organization Lookup Img successfull
create Organization successfull]]>
  </system-out>
</testsuite> <!-- vtiger.Organization.CreateOrganization -->
