<?xml version="1.0" encoding="UTF-8"?>
<!-- Generated by org.testng.reporters.JUnitReportReporter -->
<testsuite hostname="DESKTOP-LVMHETU" failures="0" tests="3" name="practice.TestNgEnabled" time="0.007" errors="0" timestamp="2023-05-26T13:19:22 IST" skipped="1">
  <testcase classname="practice.TestNgEnabled" name="updateuser" time="0.000"/>
  <system-out/>
  <testcase classname="practice.TestNgEnabled" name="deleteuser" time="0.007"/>
  <system-out/>
  <testcase classname="practice.TestNgEnabled" name="createuser">
    <skipped/>
  </testcase> <!-- createuser -->
  <system-out/>
</testsuite> <!-- practice.TestNgEnabled -->
