<?xml version="1.0" encoding="UTF-8"?>
<!-- Generated by org.testng.reporters.JUnitReportReporter -->
<testsuite hostname="DESKTOP-LVMHETU" failures="0" tests="1" name="vtiger.ProductTests.CreateProductTest" time="21.277" errors="0" timestamp="2023-03-20T14:29:02 IST" skipped="0">
  <testcase classname="vtiger.ProductTests.CreateProductTest" name="CreateProducttest" time="21.277"/>
  <system-out>
    <![CDATA[click on Product Link successfull
click on Product Lookup Img successfull
Product created successfull]]>
  </system-out>
</testsuite> <!-- vtiger.ProductTests.CreateProductTest -->
