<?xml version="1.0" encoding="UTF-8"?>
<!-- Generated by org.testng.reporters.JUnitReportReporter -->
<testsuite hostname="DESKTOP-LVMHETU" failures="0" tests="3" name="practice.TestNgPractice" time="0.011" errors="0" timestamp="2023-03-02T12:32:51 IST" skipped="0">
  <testcase classname="practice.TestNgPractice" name="update" time="0.000"/>
  <system-out/>
  <testcase classname="practice.TestNgPractice" name="deleteuser" time="0.010"/>
  <system-out/>
  <testcase classname="practice.TestNgPractice" name="update" time="0.001"/>
  <system-out/>
</testsuite> <!-- practice.TestNgPractice -->
