<?xml version="1.0" encoding="UTF-8"?>
<!-- Generated by org.testng.reporters.JUnitReportReporter -->
<testsuite hostname="DESKTOP-LVMHETU" failures="0" tests="3" name="practice.DataProviderPractice" time="0.015" errors="0" timestamp="2023-06-30T15:41:05 IST" skipped="0">
  <testcase classname="practice.DataProviderPractice" name="dataproviderpractice" time="0.001"/>
  <system-out/>
  <testcase classname="practice.DataProviderPractice" name="dataproviderpractice" time="0.001"/>
  <system-out/>
  <testcase classname="practice.DataProviderPractice" name="dataproviderpractice" time="0.013"/>
  <system-out/>
</testsuite> <!-- practice.DataProviderPractice -->
