<?xml version="1.0" encoding="UTF-8"?>
<!-- Generated by org.testng.reporters.JUnitReportReporter -->
<testsuite hostname="DESKTOP-LVMHETU" failures="0" tests="4" name="practice.TestNgInvoPrio" time="0.001" errors="0" timestamp="2023-03-20T14:29:02 IST" skipped="0">
  <testcase classname="practice.TestNgInvoPrio" name="deleteuser" time="0.000"/>
  <system-out/>
  <testcase classname="practice.TestNgInvoPrio" name="updateuser" time="0.001"/>
  <system-out/>
  <testcase classname="practice.TestNgInvoPrio" name="createuser" time="0.000"/>
  <system-out/>
  <testcase classname="practice.TestNgInvoPrio" name="createuser" time="0.000"/>
  <system-out/>
</testsuite> <!-- practice.TestNgInvoPrio -->
